<?xml version="1.0" encoding="UTF-8"?>
<!-- Generated by org.testng.reporters.JUnitReportReporter -->
<testsuite skipped="0" hostname="Acehole" name="testCases.firstTestCase" tests="2" failures="0" timestamp="09 Jan 2019 17:39:32 GMT" time="0.010" errors="0">
  <testcase name="Demo" time="0.007" classname="testCases.firstTestCase"/>
  <testcase name="SecondTest" time="0.003" classname="testCases.firstTestCase"/>
</testsuite> <!-- testCases.firstTestCase -->
