<?xml version="1.0" encoding="UTF-8"?>
<!-- Generated by org.testng.reporters.JUnitReportReporter -->
<testsuite skipped="0" hostname="Acehole" name="testCases.ThirdDummyTest" tests="3" failures="0" timestamp="08 Jan 2019 18:28:19 GMT" time="0.002" errors="0">
  <testcase name="MobileLoginCarLoan" time="0.000" classname="testCases.ThirdDummyTest"/>
  <testcase name="WebLoginCarLone" time="0.001" classname="testCases.ThirdDummyTest"/>
  <testcase name="LoginAPICarLoan" time="0.001" classname="testCases.ThirdDummyTest"/>
</testsuite> <!-- testCases.ThirdDummyTest -->
