<?xml version="1.0" encoding="UTF-8"?>
<!-- Generated by org.testng.reporters.JUnitReportReporter -->
<testsuite skipped="0" hostname="Acehole" name="testCases.FourthDummyTest" tests="1" failures="0" timestamp="09 Jan 2019 17:53:01 GMT" time="0.003" errors="0">
  <testcase name="MobileLogoutHomeLoan" time="0.003" classname="testCases.FourthDummyTest"/>
</testsuite> <!-- testCases.FourthDummyTest -->
