<?xml version="1.0" encoding="UTF-8"?>
<!-- Generated by org.testng.reporters.JUnitReportReporter -->
<testsuite skipped="0" hostname="Acehole" name="testCases.FourthDummyTest" tests="1" failures="0" timestamp="09 Jan 2019 17:09:05 GMT" time="0.001" errors="0">
  <testcase name="LoginAPIHomeLoan" time="0.001" classname="testCases.FourthDummyTest"/>
</testsuite> <!-- testCases.FourthDummyTest -->
