<?xml version="1.0" encoding="UTF-8"?>
<!-- Generated by org.testng.reporters.JUnitReportReporter -->
<testsuite skipped="1" hostname="Acehole" name="testCases.FourthDummyTest" tests="6" failures="0" timestamp="09 Jan 2019 18:11:44 GMT" time="0.014" errors="0">
  <testcase name="MobileLogoutHomeLoan2" time="0.001" classname="testCases.FourthDummyTest"/>
  <testcase name="MobileLoginHomeLoan" time="0.007" classname="testCases.FourthDummyTest"/>
  <testcase name="MobileLogoutHomeLoan" time="0.002" classname="testCases.FourthDummyTest"/>
  <testcase name="MobileLoginHomeLoan2" time="0.002" classname="testCases.FourthDummyTest"/>
  <testcase name="WebLoginHomeLone" time="0.002" classname="testCases.FourthDummyTest"/>
  <testcase name="LoginAPIHomeLoan" classname="testCases.FourthDummyTest">
    <skipped/>
  </testcase> <!-- LoginAPIHomeLoan -->
</testsuite> <!-- testCases.FourthDummyTest -->
