<?xml version="1.0" encoding="UTF-8"?>
<!-- Generated by org.testng.reporters.JUnitReportReporter -->
<testsuite skipped="0" hostname="Acehole" name="testCases.SecondDummyTest" tests="1" failures="0" timestamp="08 Jan 2019 18:10:28 GMT" time="0.000" errors="0">
  <testcase name="testCase" time="0.000" classname="testCases.SecondDummyTest"/>
</testsuite> <!-- testCases.SecondDummyTest -->
