<?xml version="1.0" encoding="UTF-8"?>
<!-- Generated by org.testng.reporters.JUnitReportReporter -->
<testsuite skipped="0" hostname="Acehole" name="testCases.FifthTestCase" tests="2" failures="0" timestamp="11 Jan 2019 22:15:53 GMT" time="10.132" errors="0">
  <testcase name="OpeningBrowser" time="5.413" classname="testCases.FifthTestCase"/>
  <testcase name="Login" time="4.719" classname="testCases.FifthTestCase"/>
</testsuite> <!-- testCases.FifthTestCase -->
