<?xml version="1.0" encoding="UTF-8"?>
<!-- Generated by org.testng.reporters.JUnitReportReporter -->
<testsuite skipped="1" hostname="Acehole" name="testCases.FourthDummyTest" tests="8" failures="0" timestamp="10 Jan 2019 01:08:48 GMT" time="0.019" errors="0">
  <testcase name="WebLoginHomeLone" time="0.001" classname="testCases.FourthDummyTest"/>
  <testcase name="MobileLoginHomeLoan" time="0.008" classname="testCases.FourthDummyTest"/>
  <testcase name="MobileLogoutHomeLoan" time="0.000" classname="testCases.FourthDummyTest"/>
  <testcase name="MobileLogoutHomeLoan2" time="0.001" classname="testCases.FourthDummyTest"/>
  <testcase name="MobileLoginHomeLoan2" time="0.005" classname="testCases.FourthDummyTest"/>
  <testcase name="WebLoginHomeLone" time="0.001" classname="testCases.FourthDummyTest"/>
  <testcase name="WebLoginHomeLone" time="0.003" classname="testCases.FourthDummyTest"/>
  <testcase name="LoginAPIHomeLoan" classname="testCases.FourthDummyTest">
    <skipped/>
  </testcase> <!-- LoginAPIHomeLoan -->
</testsuite> <!-- testCases.FourthDummyTest -->
