<?xml version="1.0" encoding="UTF-8"?>
<!-- Generated by org.testng.reporters.JUnitReportReporter -->
<testsuite skipped="0" hostname="Acehole" name="testCases.firstTestCase" tests="2" failures="0" timestamp="09 Jan 2019 18:07:05 GMT" time="0.007" errors="0">
  <testcase name="SecondTest" time="0.002" classname="testCases.firstTestCase"/>
  <testcase name="Demo" time="0.005" classname="testCases.firstTestCase"/>
</testsuite> <!-- testCases.firstTestCase -->
