<?xml version="1.0" encoding="UTF-8"?>
<!-- Generated by org.testng.reporters.JUnitReportReporter -->
<testsuite skipped="0" hostname="Acehole" name="testCases.ThirdDummyTest" tests="2" failures="0" timestamp="09 Jan 2019 17:53:01 GMT" time="0.007" errors="0">
  <testcase name="LoginAPICarLoan" time="0.003" classname="testCases.ThirdDummyTest"/>
  <testcase name="WebLoginCarLone" time="0.004" classname="testCases.ThirdDummyTest"/>
</testsuite> <!-- testCases.ThirdDummyTest -->
