<?xml version="1.0" encoding="UTF-8"?>
<!-- Generated by org.testng.reporters.JUnitReportReporter -->
<testsuite skipped="0" hostname="Acehole" name="testCases.SecondDummyTest" tests="1" failures="0" timestamp="10 Jan 2019 00:49:27 GMT" time="0.001" errors="0">
  <testcase name="testCase" time="0.001" classname="testCases.SecondDummyTest"/>
</testsuite> <!-- testCases.SecondDummyTest -->
