<?xml version="1.0" encoding="UTF-8"?>
<!-- Generated by org.testng.reporters.JUnitReportReporter -->
<testsuite skipped="0" hostname="Acehole" name="testCases.ThirdDummyTest" tests="2" failures="0" timestamp="10 Jan 2019 05:31:27 GMT" time="0.015" errors="0">
  <testcase name="LoginAPICarLoan" time="0.015" classname="testCases.ThirdDummyTest"/>
  <testcase name="WebLoginCarLone" time="0.000" classname="testCases.ThirdDummyTest"/>
</testsuite> <!-- testCases.ThirdDummyTest -->
