<?xml version="1.0" encoding="UTF-8"?>
<!-- Generated by org.testng.reporters.JUnitReportReporter -->
<testsuite skipped="0" hostname="Acehole" name="testCases.FourthDummyTest" tests="6" failures="0" timestamp="08 Jan 2019 18:28:19 GMT" time="0.007" errors="0">
  <testcase name="MobileLoginHomeLoan2" time="0.002" classname="testCases.FourthDummyTest"/>
  <testcase name="MobileLogoutHomeLoan2" time="0.001" classname="testCases.FourthDummyTest"/>
  <testcase name="LoginAPIHomeLoan" time="0.001" classname="testCases.FourthDummyTest"/>
  <testcase name="WebLoginHomeLone" time="0.001" classname="testCases.FourthDummyTest"/>
  <testcase name="MobileLogoutHomeLoan" time="0.001" classname="testCases.FourthDummyTest"/>
  <testcase name="MobileLoginHomeLoan" time="0.001" classname="testCases.FourthDummyTest"/>
</testsuite> <!-- testCases.FourthDummyTest -->
