<?xml version="1.0" encoding="UTF-8"?>
<!-- Generated by org.testng.reporters.JUnitReportReporter -->
<testsuite skipped="0" hostname="Acehole" name="testCases.firstTestCase" tests="2" failures="0" timestamp="06 Jan 2019 02:43:00 GMT" time="0.012" errors="0">
  <testcase name="Demo" time="0.011" classname="testCases.firstTestCase"/>
  <testcase name="SecondTest" time="0.001" classname="testCases.firstTestCase"/>
</testsuite> <!-- testCases.firstTestCase -->
